{"total": {"lines":{"total":301,"covered":170,"skipped":0,"pct":56.47},"statements":{"total":325,"covered":177,"skipped":0,"pct":54.46},"functions":{"total":93,"covered":62,"skipped":0,"pct":66.66},"branches":{"total":171,"covered":73,"skipped":0,"pct":42.69},"branchesTrue":{"total":0,"covered":0,"skipped":0,"pct":100}}
,"D:\\react\\next\\hireAva_1-main\\hireAva_1-main\\app\\(main)\\dashboard\\_components\\InterviewCard.jsx": {"lines":{"total":10,"covered":5,"skipped":0,"pct":50},"functions":{"total":3,"covered":1,"skipped":0,"pct":33.33},"statements":{"total":10,"covered":5,"skipped":0,"pct":50},"branches":{"total":7,"covered":5,"skipped":0,"pct":71.42}}
,"D:\\react\\next\\hireAva_1-main\\hireAva_1-main\\app\\(main)\\dashboard\\_components\\Welcome.jsx": {"lines":{"total":3,"covered":3,"skipped":0,"pct":100},"functions":{"total":1,"covered":1,"skipped":0,"pct":100},"statements":{"total":4,"covered":3,"skipped":0,"pct":75},"branches":{"total":6,"covered":4,"skipped":0,"pct":66.66}}
,"D:\\react\\next\\hireAva_1-main\\hireAva_1-main\\app\\(main)\\dashboard\\create-interview\\_components\\FormContainer.jsx": {"lines":{"total":101,"covered":60,"skipped":0,"pct":59.4},"functions":{"total":29,"covered":24,"skipped":0,"pct":82.75},"statements":{"total":111,"covered":66,"skipped":0,"pct":59.45},"branches":{"total":51,"covered":12,"skipped":0,"pct":23.52}}
,"D:\\react\\next\\hireAva_1-main\\hireAva_1-main\\app\\(main)\\dashboard\\create-interview\\_components\\QuestionList.jsx": {"lines":{"total":105,"covered":46,"skipped":0,"pct":43.8},"functions":{"total":21,"covered":10,"skipped":0,"pct":47.61},"statements":{"total":109,"covered":47,"skipped":0,"pct":43.11},"branches":{"total":42,"covered":16,"skipped":0,"pct":38.09}}
,"D:\\react\\next\\hireAva_1-main\\hireAva_1-main\\app\\(main)\\scheduled-interview\\_components\\CandidateList.jsx": {"lines":{"total":24,"covered":17,"skipped":0,"pct":70.83},"functions":{"total":10,"covered":7,"skipped":0,"pct":70},"statements":{"total":29,"covered":17,"skipped":0,"pct":58.62},"branches":{"total":37,"covered":19,"skipped":0,"pct":51.35}}
,"D:\\react\\next\\hireAva_1-main\\hireAva_1-main\\frontend\\components\\ui\\3d-card.jsx": {"lines":{"total":36,"covered":24,"skipped":0,"pct":66.66},"functions":{"total":9,"covered":6,"skipped":0,"pct":66.66},"statements":{"total":40,"covered":24,"skipped":0,"pct":60},"branches":{"total":19,"covered":9,"skipped":0,"pct":47.36}}
,"D:\\react\\next\\hireAva_1-main\\hireAva_1-main\\frontend\\components\\ui\\button.jsx": {"lines":{"total":3,"covered":3,"skipped":0,"pct":100},"functions":{"total":1,"covered":1,"skipped":0,"pct":100},"statements":{"total":3,"covered":3,"skipped":0,"pct":100},"branches":{"total":3,"covered":2,"skipped":0,"pct":66.66}}
,"D:\\react\\next\\hireAva_1-main\\hireAva_1-main\\frontend\\components\\ui\\card.jsx": {"lines":{"total":7,"covered":3,"skipped":0,"pct":42.85},"functions":{"total":7,"covered":3,"skipped":0,"pct":42.85},"statements":{"total":7,"covered":3,"skipped":0,"pct":42.85},"branches":{"total":0,"covered":0,"skipped":0,"pct":100}}
,"D:\\react\\next\\hireAva_1-main\\hireAva_1-main\\frontend\\components\\ui\\input.jsx": {"lines":{"total":1,"covered":1,"skipped":0,"pct":100},"functions":{"total":1,"covered":1,"skipped":0,"pct":100},"statements":{"total":1,"covered":1,"skipped":0,"pct":100},"branches":{"total":0,"covered":0,"skipped":0,"pct":100}}
,"D:\\react\\next\\hireAva_1-main\\hireAva_1-main\\frontend\\components\\ui\\select.jsx": {"lines":{"total":10,"covered":7,"skipped":0,"pct":70},"functions":{"total":10,"covered":7,"skipped":0,"pct":70},"statements":{"total":10,"covered":7,"skipped":0,"pct":70},"branches":{"total":6,"covered":6,"skipped":0,"pct":100}}
,"D:\\react\\next\\hireAva_1-main\\hireAva_1-main\\frontend\\lib\\utils.js": {"lines":{"total":1,"covered":1,"skipped":0,"pct":100},"functions":{"total":1,"covered":1,"skipped":0,"pct":100},"statements":{"total":1,"covered":1,"skipped":0,"pct":100},"branches":{"total":0,"covered":0,"skipped":0,"pct":100}}
}
